<?xml version="1.0" encoding="UTF-8"?>
<!-- Generated by org.testng.reporters.JUnitReportReporter -->
<testsuite hostname="DESKTOP-BA5L54C" failures="0" tests="1" name="jpbkr.TrianguloEscaleno" time="7.332" errors="0" timestamp="2023-01-12T16:32:38 BRT" skipped="0">
  <testcase classname="jpbkr.TrianguloEscaleno" name="testeTrianguloEscaleno" time="7.332"/>
  <system-out/>
</testsuite> <!-- jpbkr.TrianguloEscaleno -->
