<?xml version="1.0" encoding="UTF-8"?>
<!-- Generated by org.testng.reporters.JUnitReportReporter -->
<testsuite hostname="DESKTOP-BA5L54C" failures="0" tests="1" name="jpbkr.TrianguloIsosceles" time="23.432" errors="0" timestamp="2023-01-12T14:38:31 BRT" skipped="0">
  <testcase classname="jpbkr.TrianguloIsosceles" name="testeTrianguloIsosceles" time="23.432"/>
  <system-out/>
</testsuite> <!-- jpbkr.TrianguloIsosceles -->
